[    0.000000] Initializing cgroup subsys cpuset
[    0.000000] Initializing cgroup subsys cpu
[    0.000000] Initializing cgroup subsys cpuacct
[    0.000000] Linux version 4.4.0-151-generic (buildd@lgw01-amd64-043) (gcc version 5.4.0 20160609 (Ubuntu 5.4.0-6ubuntu1~16.04.10) ) #178-Ubuntu SMP Tue Jun 11 08:30:22 UTC 2019 (Ubuntu 4.4.0-151.178-generic 4.4.179)
[    0.000000] Command line: BOOT_IMAGE=/boot/vmlinuz-4.4.0-151-generic root=LABEL=cloudimg-rootfs ro console=tty1 console=ttyS0
[    0.000000] KERNEL supported cpus:
[    0.000000]   Intel GenuineIntel
[    0.000000]   AMD AuthenticAMD
[    0.000000]   Centaur CentaurHauls
[    0.000000] x86/fpu: xstate_offset[2]:  576, xstate_sizes[2]:  256
[    0.000000] x86/fpu: Supporting XSAVE feature 0x01: 'x87 floating point registers'
[    0.000000] x86/fpu: Supporting XSAVE feature 0x02: 'SSE registers'
[    0.000000] x86/fpu: Supporting XSAVE feature 0x04: 'AVX registers'
[    0.000000] x86/fpu: Enabled xstate features 0x7, context size is 832 bytes, using 'standard' format.
[    0.000000] e820: BIOS-provided physical RAM map:
[    0.000000] BIOS-e820: [mem 0x0000000000000000-0x000000000009fbff] usable
[    0.000000] BIOS-e820: [mem 0x000000000009fc00-0x000000000009ffff] reserved
[    0.000000] BIOS-e820: [mem 0x00000000000f0000-0x00000000000fffff] reserved
[    0.000000] BIOS-e820: [mem 0x0000000000100000-0x000000003ffeffff] usable
[    0.000000] BIOS-e820: [mem 0x000000003fff0000-0x000000003fffffff] ACPI data
[    0.000000] BIOS-e820: [mem 0x00000000fec00000-0x00000000fec00fff] reserved
[    0.000000] BIOS-e820: [mem 0x00000000fee00000-0x00000000fee00fff] reserved
[    0.000000] BIOS-e820: [mem 0x00000000fffc0000-0x00000000ffffffff] reserved
[    0.000000] NX (Execute Disable) protection: active
[    0.000000] SMBIOS 2.5 present.
[    0.000000] Hypervisor detected: KVM
[    0.000000] e820: last_pfn = 0x3fff0 max_arch_pfn = 0x400000000
[    0.000000] MTRR: Disabled
[    0.000000] x86/PAT: MTRRs disabled, skipping PAT initialization too.
[    0.000000] CPU MTRRs all blank - virtualized system.
[    0.000000] x86/PAT: Configuration [0-7]: WB  WT  UC- UC  WB  WT  UC- UC  
[    0.000000] found SMP MP-table at [mem 0x0009fff0-0x0009ffff] mapped at [ffff88000009fff0]
[    0.000000] Scanning 1 areas for low memory corruption
[    0.000000] RAMDISK: [mem 0x362f6000-0x37172fff]
[    0.000000] ACPI: Early table checksum verification disabled
[    0.000000] ACPI: RSDP 0x00000000000E0000 000024 (v02 VBOX  )
[    0.000000] ACPI: XSDT 0x000000003FFF0030 00003C (v01 VBOX   VBOXXSDT 00000001 ASL  00000061)
[    0.000000] ACPI: FACP 0x000000003FFF00F0 0000F4 (v04 VBOX   VBOXFACP 00000001 ASL  00000061)
[    0.000000] ACPI: DSDT 0x000000003FFF0470 0022EA (v02 VBOX   VBOXBIOS 00000002 INTL 20100528)
[    0.000000] ACPI: FACS 0x000000003FFF0200 000040
[    0.000000] ACPI: FACS 0x000000003FFF0200 000040
[    0.000000] ACPI: APIC 0x000000003FFF0240 000054 (v02 VBOX   VBOXAPIC 00000001 ASL  00000061)
[    0.000000] ACPI: SSDT 0x000000003FFF02A0 0001CC (v01 VBOX   VBOXCPUT 00000002 INTL 20100528)
[    0.000000] No NUMA configuration found
[    0.000000] Faking a node at [mem 0x0000000000000000-0x000000003ffeffff]
[    0.000000] NODE_DATA(0) allocated [mem 0x3ffeb000-0x3ffeffff]
[    0.000000] kvm-clock: Using msrs 4b564d01 and 4b564d00
[    0.000000] kvm-clock: cpu 0, msr 0:3ffe3001, primary cpu clock
[    0.000000] kvm-clock: using sched offset of 4124489377 cycles
[    0.000000] clocksource: kvm-clock: mask: 0xffffffffffffffff max_cycles: 0x1cd42e4dffb, max_idle_ns: 881590591483 ns
[    0.000000] Zone ranges:
[    0.000000]   DMA      [mem 0x0000000000001000-0x0000000000ffffff]
[    0.000000]   DMA32    [mem 0x0000000001000000-0x000000003ffeffff]
[    0.000000]   Normal   empty
[    0.000000]   Device   empty
[    0.000000] Movable zone start for each node
[    0.000000] Early memory node ranges
[    0.000000]   node   0: [mem 0x0000000000001000-0x000000000009efff]
[    0.000000]   node   0: [mem 0x0000000000100000-0x000000003ffeffff]
[    0.000000] Initmem setup node 0 [mem 0x0000000000001000-0x000000003ffeffff]
[    0.000000] ACPI: PM-Timer IO Port: 0x4008
[    0.000000] IOAPIC[0]: apic_id 1, version 32, address 0xfec00000, GSI 0-23
[    0.000000] ACPI: INT_SRC_OVR (bus 0 bus_irq 0 global_irq 2 dfl dfl)
[    0.000000] ACPI: INT_SRC_OVR (bus 0 bus_irq 9 global_irq 9 low level)
[    0.000000] Using ACPI (MADT) for SMP configuration information
[    0.000000] smpboot: Allowing 1 CPUs, 0 hotplug CPUs
[    0.000000] PM: Registered nosave memory: [mem 0x00000000-0x00000fff]
[    0.000000] PM: Registered nosave memory: [mem 0x0009f000-0x0009ffff]
[    0.000000] PM: Registered nosave memory: [mem 0x000a0000-0x000effff]
[    0.000000] PM: Registered nosave memory: [mem 0x000f0000-0x000fffff]
[    0.000000] e820: [mem 0x40000000-0xfebfffff] available for PCI devices
[    0.000000] Booting paravirtualized kernel on KVM
[    0.000000] clocksource: refined-jiffies: mask: 0xffffffff max_cycles: 0xffffffff, max_idle_ns: 7645519600211568 ns
[    0.000000] setup_percpu: NR_CPUS:512 nr_cpumask_bits:512 nr_cpu_ids:1 nr_node_ids:1
[    0.000000] PERCPU: Embedded 34 pages/cpu @ffff88003fc00000 s99480 r8192 d31592 u2097152
[    0.000000] Built 1 zonelists in Node order, mobility grouping on.  Total pages: 257912
[    0.000000] Policy zone: DMA32
[    0.000000] Kernel command line: BOOT_IMAGE=/boot/vmlinuz-4.4.0-151-generic root=LABEL=cloudimg-rootfs ro console=tty1 console=ttyS0
[    0.000000] PID hash table entries: 4096 (order: 3, 32768 bytes)
[    0.000000] Memory: 997860K/1048120K available (8613K kernel code, 1335K rwdata, 4028K rodata, 1484K init, 1284K bss, 50260K reserved, 0K cma-reserved)
[    0.000000] SLUB: HWalign=64, Order=0-3, MinObjects=0, CPUs=1, Nodes=1
[    0.000000] Kernel/User page tables isolation: enabled
[    0.000000] Hierarchical RCU implementation.
[    0.000000] 	Build-time adjustment of leaf fanout to 64.
[    0.000000] 	RCU restricting CPUs from NR_CPUS=512 to nr_cpu_ids=1.
[    0.000000] RCU: Adjusting geometry for rcu_fanout_leaf=64, nr_cpu_ids=1
[    0.000000] NR_IRQS:33024 nr_irqs:256 16
[    0.000000] Console: colour VGA+ 80x25
[    0.000000] console [tty1] enabled
[    0.000000] console [ttyS0] enabled
[    0.000000] tsc: Detected 2691.262 MHz processor
[    0.342269] Calibrating delay loop (skipped) preset value.. 5382.52 BogoMIPS (lpj=10765048)
[    0.345924] pid_max: default: 32768 minimum: 301
[    0.347698] ACPI: Core revision 20150930
[    0.353465] ACPI: 2 ACPI AML tables successfully acquired and loaded
[    0.355992] Security Framework initialized
[    0.357927] Yama: becoming mindful.
[    0.359959] AppArmor: AppArmor initialized
[    0.361894] Dentry cache hash table entries: 131072 (order: 8, 1048576 bytes)
[    0.366818] Inode-cache hash table entries: 65536 (order: 7, 524288 bytes)
[    0.369650] Mount-cache hash table entries: 2048 (order: 2, 16384 bytes)
[    0.372430] Mountpoint-cache hash table entries: 2048 (order: 2, 16384 bytes)
[    0.376104] Initializing cgroup subsys io
[    0.377809] Initializing cgroup subsys memory
[    0.379412] Initializing cgroup subsys devices
[    0.381149] Initializing cgroup subsys freezer
[    0.383015] Initializing cgroup subsys net_cls
[    0.385022] Initializing cgroup subsys perf_event
[    0.386839] Initializing cgroup subsys net_prio
[    0.388578] Initializing cgroup subsys hugetlb
[    0.390398] Initializing cgroup subsys pids
[    0.392128] mce: CPU supports 0 MCE banks
[    0.393771] process: using mwait in idle threads
[    0.396004] Last level iTLB entries: 4KB 512, 2MB 8, 4MB 8
[    0.398203] Last level dTLB entries: 4KB 512, 2MB 32, 4MB 32, 1GB 0
[    0.400372] Spectre V2 : Mitigation: Full generic retpoline
[    0.402351] Spectre V2 : Spectre v2 / SpectreRSB mitigation: Filling RSB on context switch
[    0.405823] Speculative Store Bypass: Vulnerable
[    0.407870] MDS: Vulnerable: Clear CPU buffers attempted, no microcode
[    0.460748] Freeing SMP alternatives memory: 36K
[    0.475419] ftrace: allocating 32299 entries in 127 pages
[    0.600059] smpboot: APIC(0) Converting physical 0 to logical package 0
[    0.602612] smpboot: Max logical packages: 1
[    0.604973] x2apic enabled
[    0.606847] Switched APIC routing to physical x2apic.
[    0.611534] ..TIMER: vector=0x30 apic1=0 pin1=2 apic2=-1 pin2=-1
[    0.720878] smpboot: CPU0: Intel(R) Core(TM) i7-2620M CPU @ 2.70GHz (family: 0x6, model: 0x2a, stepping: 0x7)
[    0.725275] Performance Events: unsupported p6 CPU model 42 no PMU driver, software events only.
[    0.746625] KVM setup paravirtual spinlock
[    0.749203] x86: Booted up 1 node, 1 CPUs
[    0.751487] smpboot: Total of 1 processors activated (5382.52 BogoMIPS)
[    0.754604] devtmpfs: initialized
[    0.769280] evm: security.selinux
[    0.770815] evm: security.SMACK64
[    0.772378] evm: security.SMACK64EXEC
[    0.774154] evm: security.SMACK64TRANSMUTE
[    0.775858] evm: security.SMACK64MMAP
[    0.777766] evm: security.ima
[    0.779217] evm: security.capability
[    0.781017] clocksource: jiffies: mask: 0xffffffff max_cycles: 0xffffffff, max_idle_ns: 7645041785100000 ns
[    0.784936] futex hash table entries: 256 (order: 2, 16384 bytes)
[    0.787790] pinctrl core: initialized pinctrl subsystem
[    0.790129] RTC time: 15:59:46, date: 07/07/19
[    0.792277] NET: Registered protocol family 16
[    0.794333] cpuidle: using governor ladder
[    0.796179] cpuidle: using governor menu
[    0.798024] PCCT header not found.
[    0.799983] ACPI: bus type PCI registered
[    0.802369] acpiphp: ACPI Hot Plug PCI Controller Driver version: 0.5
[    0.805812] PCI: Using configuration type 1 for base access
[    0.811871] ACPI: Added _OSI(Module Device)
[    0.814117] ACPI: Added _OSI(Processor Device)
[    0.816458] ACPI: Added _OSI(3.0 _SCP Extensions)
[    0.818910] ACPI: Added _OSI(Processor Aggregator Device)
[    0.823206] ACPI: Executed 1 blocks of module-level executable AML code
[    0.833103] ACPI: Interpreter enabled
[    0.834963] ACPI: (supports S0 S5)
[    0.836901] ACPI: Using IOAPIC for interrupt routing
[    0.839988] PCI: Using host bridge windows from ACPI; if necessary, use "pci=nocrs" and report a bug
[    0.855653] ACPI: PCI Root Bridge [PCI0] (domain 0000 [bus 00-ff])
[    0.858544] acpi PNP0A03:00: _OSC: OS supports [ASPM ClockPM Segments MSI]
[    0.863108] acpi PNP0A03:00: _OSC: not requesting OS control; OS requires [ExtendedConfig ASPM ClockPM MSI]
[    0.868258] acpi PNP0A03:00: fail to add MMCONFIG information, can't access extended PCI configuration space under this bridge.
[    0.874532] PCI host bridge to bus 0000:00
[    0.876488] pci_bus 0000:00: root bus resource [io  0x0000-0x0cf7 window]
[    0.879713] pci_bus 0000:00: root bus resource [io  0x0d00-0xffff window]
[    0.882762] pci_bus 0000:00: root bus resource [mem 0x000a0000-0x000bffff window]
[    0.887283] pci_bus 0000:00: root bus resource [mem 0x40000000-0xfdffffff window]
[    0.891499] pci_bus 0000:00: root bus resource [bus 00-ff]
[    0.898237] pci 0000:00:01.1: legacy IDE quirk: reg 0x10: [io  0x01f0-0x01f7]
[    0.901497] pci 0000:00:01.1: legacy IDE quirk: reg 0x14: [io  0x03f6]
[    0.904991] pci 0000:00:01.1: legacy IDE quirk: reg 0x18: [io  0x0170-0x0177]
[    0.908685] pci 0000:00:01.1: legacy IDE quirk: reg 0x1c: [io  0x0376]
[    0.944055] pci 0000:00:07.0: quirk: [io  0x4000-0x403f] claimed by PIIX4 ACPI
[    0.949094] pci 0000:00:07.0: quirk: [io  0x4100-0x410f] claimed by PIIX4 SMB
[    1.005184] ACPI: PCI Interrupt Link [LNKA] (IRQs 5 9 10 *11)
[    1.008802] ACPI: PCI Interrupt Link [LNKB] (IRQs 5 9 *10 11)
[    1.012106] ACPI: PCI Interrupt Link [LNKC] (IRQs 5 *9 10 11)
[    1.015108] ACPI: PCI Interrupt Link [LNKD] (IRQs 5 9 10 *11)
[    1.018235] ACPI: Enabled 2 GPEs in block 00 to 07
[    1.020854] vgaarb: setting as boot device: PCI:0000:00:02.0
[    1.022861] vgaarb: device added: PCI:0000:00:02.0,decodes=io+mem,owns=io+mem,locks=none
[    1.025965] vgaarb: loaded
[    1.027197] vgaarb: bridge control possible 0000:00:02.0
[    1.030101] SCSI subsystem initialized
[    1.031858] ACPI: bus type USB registered
[    1.033936] usbcore: registered new interface driver usbfs
[    1.036102] usbcore: registered new interface driver hub
[    1.038119] usbcore: registered new device driver usb
[    1.040398] PCI: Using ACPI for IRQ routing
[    1.042700] NetLabel: Initializing
[    1.044111] NetLabel:  domain hash size = 128
[    1.046147] NetLabel:  protocols = UNLABELED CIPSOv4
[    1.048045] NetLabel:  unlabeled traffic allowed by default
[    1.050334] amd_nb: Cannot enumerate AMD northbridges
[    1.052362] clocksource: Switched to clocksource kvm-clock
[    1.074117] AppArmor: AppArmor Filesystem Enabled
[    1.076305] pnp: PnP ACPI init
[    1.080238] pnp: PnP ACPI: found 3 devices
[    1.091103] clocksource: acpi_pm: mask: 0xffffff max_cycles: 0xffffff, max_idle_ns: 2085701024 ns
[    1.094464] NET: Registered protocol family 2
[    1.096566] TCP established hash table entries: 8192 (order: 4, 65536 bytes)
[    1.099291] TCP bind hash table entries: 8192 (order: 5, 131072 bytes)
[    1.101760] TCP: Hash tables configured (established 8192 bind 8192)
[    1.104022] UDP hash table entries: 512 (order: 2, 16384 bytes)
[    1.106137] UDP-Lite hash table entries: 512 (order: 2, 16384 bytes)
[    1.108769] NET: Registered protocol family 1
[    1.110558] pci 0000:00:00.0: Limiting direct PCI/PCI transfers
[    1.112736] pci 0000:00:01.0: Activating ISA DMA hang workarounds
[    1.115110] Unpacking initramfs...
[    1.640401] Freeing initrd memory: 14836K
[    1.643038] RAPL PMU detected, API unit is 2^-32 Joules, 3 fixed counters 10737418240 ms ovfl timer
[    1.647690] hw unit of domain pp0-core 2^-0 Joules
[    1.650159] hw unit of domain package 2^-0 Joules
[    1.652935] hw unit of domain pp1-gpu 2^-0 Joules
[    1.655538] clocksource: tsc: mask: 0xffffffffffffffff max_cycles: 0x26caffd6894, max_idle_ns: 440795272269 ns
[    1.660325] platform rtc_cmos: registered platform RTC device (no PNP device found)
[    1.664581] Scanning for low memory corruption every 60 seconds
[    1.668572] audit: initializing netlink subsys (disabled)
[    1.671242] audit: type=2000 audit(1562515192.712:1): initialized
[    1.675068] Initialise system trusted keyring
[    1.677331] HugeTLB registered 2 MB page size, pre-allocated 0 pages
[    1.684928] zbud: loaded
[    1.686784] VFS: Disk quotas dquot_6.6.0
[    1.688457] VFS: Dquot-cache hash table entries: 512 (order 0, 4096 bytes)
[    1.691397] squashfs: version 4.0 (2009/01/31) Phillip Lougher
[    1.694425] fuse init (API version 7.23)
[    1.696312] Key type big_key registered
[    1.697965] Allocating IMA MOK and blacklist keyrings.
[    1.700329] Key type asymmetric registered
[    1.701984] Asymmetric key parser 'x509' registered
[    1.703843] Block layer SCSI generic (bsg) driver version 0.4 loaded (major 249)
[    1.707354] io scheduler noop registered
[    1.709007] io scheduler deadline registered (default)
[    1.711044] io scheduler cfq registered
[    1.712720] pci_hotplug: PCI Hot Plug PCI Core version: 0.5
[    1.714778] pciehp: PCI Express Hot Plug Controller Driver version: 0.4
[    1.717346] ACPI: AC Adapter [AC] (on-line)
[    1.719446] input: Power Button as /devices/LNXSYSTM:00/LNXPWRBN:00/input/input0
[    1.722713] ACPI: Power Button [PWRF]
[    1.724299] input: Sleep Button as /devices/LNXSYSTM:00/LNXSLPBN:00/input/input1
[    1.727263] ACPI: Sleep Button [SLPF]
[    1.730752] ACPI: Battery Slot [BAT0] (battery present)
[    1.733287] GHES: HEST is not enabled!
[    1.735034] Serial: 8250/16550 driver, 32 ports, IRQ sharing enabled
[    1.759041] 00:02: ttyS0 at I/O 0x3f8 (irq = 4, base_baud = 115200) is a 16550A
[    1.764979] Linux agpgart interface v0.103
[    1.769267] loop: module loaded
[    1.772104] scsi host0: ata_piix
[    1.773959] scsi host1: ata_piix
[    1.775537] ata1: PATA max UDMA/33 cmd 0x1f0 ctl 0x3f6 bmdma 0xd000 irq 14
[    1.778083] ata2: PATA max UDMA/33 cmd 0x170 ctl 0x376 bmdma 0xd008 irq 15
[    1.782378] libphy: Fixed MDIO Bus: probed
[    1.784356] tun: Universal TUN/TAP device driver, 1.6
[    1.786377] tun: (C) 1999-2004 Max Krasnyansky <maxk@qualcomm.com>
[    1.788947] PPP generic driver version 2.4.2
[    1.790888] ehci_hcd: USB 2.0 'Enhanced' Host Controller (EHCI) Driver
[    1.793265] ehci-pci: EHCI PCI platform driver
[    1.795348] ehci-platform: EHCI generic platform driver
[    1.797692] ohci_hcd: USB 1.1 'Open' Host Controller (OHCI) Driver
[    1.800207] ohci-pci: OHCI PCI platform driver
[    1.802640] ohci-platform: OHCI generic platform driver
[    1.804678] uhci_hcd: USB Universal Host Controller Interface driver
[    1.807224] i8042: PNP: PS/2 Controller [PNP0303:PS2K,PNP0f03:PS2M] at 0x60,0x64 irq 1,12
[    1.811907] serio: i8042 KBD port at 0x60,0x64 irq 1
[    1.814036] serio: i8042 AUX port at 0x60,0x64 irq 12
[    1.816270] mousedev: PS/2 mouse device common for all mice
[    1.818908] input: AT Translated Set 2 keyboard as /devices/platform/i8042/serio0/input/input2
[    1.823707] rtc_cmos rtc_cmos: rtc core: registered rtc_cmos as rtc0
[    1.826450] rtc_cmos rtc_cmos: alarms up to one day, 114 bytes nvram
[    1.828821] i2c /dev entries driver
[    1.830492] device-mapper: uevent: version 1.0.3
[    1.832628] device-mapper: ioctl: 4.34.0-ioctl (2015-10-28) initialised: dm-devel@redhat.com
[    1.836614] ledtrig-cpu: registered to indicate activity on CPUs
[    1.839680] NET: Registered protocol family 10
[    1.842249] NET: Registered protocol family 17
[    1.844758] Key type dns_resolver registered
[    1.847647] registered taskstats version 1
[    1.849592] Loading compiled-in X.509 certificates
[    1.852555] Loaded X.509 cert 'Build time autogenerated kernel key: 7ba2dee60acc6d70f0ebdb64460d59d2cf8df5ff'
[    1.855810] zswap: loaded using pool lzo/zbud
[    1.861226] Key type trusted registered
[    1.868825] Key type encrypted registered
[    1.870766] AppArmor: AppArmor sha1 policy hashing enabled
[    1.873366] ima: No TPM chip found, activating TPM-bypass!
[    1.875910] ima: Allocated hash algorithm: sha1
[    1.878577] evm: HMAC attrs: 0x1
[    1.881088]   Magic number: 11:564:992
[    1.883387] rtc_cmos rtc_cmos: setting system clock to 2019-07-07 15:59:48 UTC (1562515188)
[    1.887935] BIOS EDD facility v0.16 2004-Jun-25, 0 devices found
[    1.890407] EDD information not available.
[    1.940805] Freeing unused kernel memory: 1484K
[    1.942891] Write protecting the kernel read-only data: 14336k
[    1.946027] Freeing unused kernel memory: 1616K
[    1.948599] Freeing unused kernel memory: 68K
Loading, please wait...
starting version 229
[    1.974026] random: systemd-udevd: uninitialized urandom read (16 bytes read, 3 bits of entropy available)
[    1.979437] random: udevadm: uninitialized urandom read (16 bytes read, 3 bits of entropy available)
[    1.983296] random: systemd-udevd: uninitialized urandom read (16 bytes read, 3 bits of entropy available)
[    1.987760] random: udevadm: uninitialized urandom read (16 bytes read, 3 bits of entropy available)
[    1.991522] random: systemd-udevd: uninitialized urandom read (16 bytes read, 3 bits of entropy available)
[    2.000492] random: systemd-udevd: uninitialized urandom read (16 bytes read, 3 bits of entropy available)
[    2.022052] random: systemd-udevd: uninitialized urandom read (16 bytes read, 3 bits of entropy available)
[    2.031928] random: systemd-udevd: uninitialized urandom read (16 bytes read, 3 bits of entropy available)
[    2.039445] random: udevadm: uninitialized urandom read (16 bytes read, 3 bits of entropy available)
[    2.044006] random: systemd-udevd: uninitialized urandom read (16 bytes read, 3 bits of entropy available)
[    2.223740] e1000: Intel(R) PRO/1000 Network Driver - version 7.3.21-k8-NAPI
[    2.226756] e1000: Copyright (c) 1999-2006 Intel Corporation.
[    2.238110] Fusion MPT base driver 3.04.20
[    2.239888] Copyright (c) 1999-2008 LSI Corporation
[    2.282951] Fusion MPT SPI Host driver 3.04.20
[    2.471662] input: ImExPS/2 Generic Explorer Mouse as /devices/platform/i8042/serio1/input/input4
[    2.775691] e1000 0000:00:03.0 eth0: (PCI:33MHz:32-bit) 02:0c:60:2c:ab:01
[    2.778272] e1000 0000:00:03.0 eth0: Intel(R) PRO/1000 Network Connection
[    2.782684] mptbase: ioc0: Initiating bringup
[    2.849374] ioc0: LSI53C1030 A0: Capabilities={Initiator}
[    3.014802] scsi host2: ioc0: LSI53C1030 A0, FwRev=00000000h, Ports=1, MaxQ=256, IRQ=20
[    3.131336] scsi 2:0:0:0: Direct-Access     VBOX     HARDDISK         1.0  PQ: 0 ANSI: 5
[    3.135523] scsi target2:0:0: Beginning Domain Validation
[    3.139899] scsi target2:0:0: Domain Validation skipping write tests
[    3.142791] scsi target2:0:0: Ending Domain Validation
[    3.145343] scsi target2:0:0: asynchronous
[    3.147940] scsi 2:0:1:0: Direct-Access     VBOX     HARDDISK         1.0  PQ: 0 ANSI: 5
[    3.152412] scsi target2:0:1: Beginning Domain Validation
[    3.168147] scsi target2:0:1: Domain Validation skipping write tests
[    3.171546] scsi target2:0:1: Ending Domain Validation
[    3.185628] scsi target2:0:1: asynchronous
[    3.334065] sd 2:0:0:0: Attached scsi generic sg0 type 0
[    3.365758] sd 2:0:0:0: [sda] 20971520 512-byte logical blocks: (10.7 GB/10.0 GiB)
[    3.370070] sd 2:0:0:0: [sda] Write Protect is off
[    3.373311] sd 2:0:0:0: [sda] Incomplete mode parameter data
[    3.376510] sd 2:0:0:0: [sda] Assuming drive cache: write through
[    3.399114]  sda: sda1
[    3.419866] sd 2:0:0:0: [sda] Attached SCSI disk
[    3.422206] sd 2:0:1:0: [sdb] 20480 512-byte logical blocks: (10.5 MB/10.0 MiB)
[    3.431441] sd 2:0:1:0: [sdb] Write Protect is off
[    3.433310] sd 2:0:1:0: Attached scsi generic sg1 type 0
[    3.435595] sd 2:0:1:0: [sdb] Incomplete mode parameter data
[    3.437838] sd 2:0:1:0: [sdb] Assuming drive cache: write through
[    3.459937] sd 2:0:1:0: [sdb] Attached SCSI disk
[    3.710038] e1000 0000:00:08.0 eth1: (PCI:33MHz:32-bit) 08:00:27:55:dc:f7
[    3.712591] e1000 0000:00:08.0 eth1: Intel(R) PRO/1000 Network Connection
[    3.716594] e1000 0000:00:08.0 enp0s8: renamed from eth1
[    3.722462] e1000 0000:00:03.0 enp0s3: renamed from eth0
Begin: Loading essential drivers ... [    5.566672] md: linear personality registered for level -1
[    5.575799] md: multipath personality registered for level -4
[    5.585072] md: raid0 personality registered for level 0
[    5.595608] md: raid1 personality registered for level 1
[    5.672591] raid6: sse2x1   gen()  1980 MB/s
[    5.740435] raid6: sse2x1   xor()  1409 MB/s
[    5.808440] raid6: sse2x2   gen()  3684 MB/s
[    5.876763] raid6: sse2x2   xor()  2441 MB/s
[    5.944432] raid6: sse2x4   gen()  5434 MB/s
[    6.012415] raid6: sse2x4   xor()  3632 MB/s
[    6.014088] raid6: using algorithm sse2x4 gen() 5434 MB/s
[    6.016158] raid6: .... xor() 3632 MB/s, rmw enabled
[    6.018005] raid6: using ssse3x2 recovery algorithm
[    6.023014] xor: automatically using best checksumming function:
[    6.064514]    avx       : 16140.000 MB/sec
[    6.070916] async_tx: api initialized (async)
[    6.095977] md: raid6 personality registered for level 6
[    6.098616] md: raid5 personality registered for level 5
[    6.100617] md: raid4 personality registered for level 4
[    6.115437] md: raid10 personality registered for level 10
done.
Begin: Running /scripts/init-premount ... done.
Begin: Mounting root file system ... Begin: Running /scripts/local-top ... done.
Begin: Running /scripts/local-premount ... [    6.197218] Btrfs loaded
Scanning for Btrfs filesystems
done.
Warning: fsck not present, so skipping root file system
[    6.246609] EXT4-fs (sda1): mounted filesystem with ordered data mode. Opts: (null)
done.
Begin: Running /scripts/local-bottom ... done.
Begin: Running /scripts/init-bottom ... done.
[    6.395716] systemd[1]: systemd 229 running in system mode. (+PAM +AUDIT +SELINUX +IMA +APPARMOR +SMACK +SYSVINIT +UTMP +LIBCRYPTSETUP +GCRYPT +GNUTLS +ACL +XZ -LZ4 +SECCOMP +BLKID +ELFUTILS +KMOD -IDN)
[    6.402909] systemd[1]: Detected virtualization oracle.
[    6.405279] systemd[1]: Detected architecture x86-64.

Welcome to [1mUbuntu 16.04.6 LTS[0m!

[    6.411197] systemd[1]: Set hostname to <ubuntu>.
[    6.415781] systemd[1]: Initializing machine ID from random generator.
[    6.418265] systemd[1]: Installed transient /etc/machine-id file.
[    6.639324] systemd[1]: Listening on Journal Audit Socket.
[[0;32m  OK  [0m] Listening on Journal Audit Socket.
[    6.644878] systemd[1]: Listening on LVM2 poll daemon socket.
[[0;32m  OK  [0m] Listening on LVM2 poll daemon socket.
[    6.650227] systemd[1]: Started Forward Password Requests to Wall Directory Watch.
[[0;32m  OK  [0m] Started Forward Password Requests to Wall Directory Watch.
[    6.657266] systemd[1]: Listening on udev Kernel Socket.
[[0;32m  OK  [0m] Listening on udev Kernel Socket.
[    6.662224] systemd[1]: Listening on Journal Socket.
[[0;32m  OK  [0m] Listening on Journal Socket.
[    6.667208] systemd[1]: Listening on /dev/initctl Compatibility Named Pipe.
[[0;32m  OK  [0m] Listening on /dev/initctl Compatibility Named Pipe.
[    6.672973] systemd[1]: Listening on Device-mapper event daemon FIFOs.
[[0;32m  OK  [0m] Listening on Device-mapper event daemon FIFOs.
[    6.677738] systemd[1]: Set up automount Arbitrary Executable File Formats File System Automount Point.
[[0;32m  OK  [0m] Set up automount Arbitrary Executab...ats File System Automount Point.
[    6.684009] systemd[1]: Created slice User and Session Slice.
[[0;32m  OK  [0m] Created slice User and Session Slice.
[    6.688602] systemd[1]: Started Trigger resolvconf update for networkd DNS.
[[0;32m  OK  [0m] Started Trigger resolvconf update for networkd DNS.
[    6.693529] systemd[1]: Created slice System Slice.
[[0;32m  OK  [0m] Created slice System Slice.
[    6.698783] systemd[1]: Mounting Huge Pages File System...
         Mounting Huge Pages File System...
[    6.706761] systemd[1]: Starting Uncomplicated firewall...
         Starting Uncomplicated firewall...
[    6.716126] systemd[1]: Mounting Debug File System...
         Mounting Debug File System...
[    6.729448] systemd[1]: Starting Set console keymap...
         Starting Set console keymap...
[    6.741708] systemd[1]: Starting Remount Root and Kernel File Systems...
         Starting Remount Root and Kernel File Systems...
[    6.756654] systemd[1]: Reached target User and Group Name Lookups.
[[0;32m  OK  [0m] Reached target User and Group Name Lookups.
[    6.765516] systemd[1]: Listening on LVM2 metadata daemon socket.
[    6.768653] EXT4-fs (sda1): re-mounted. Opts: (null)
[[0;32m  OK  [0m] Listening on LVM2 metadata daemon socket.
[    6.779185] systemd[1]: Starting Nameserver information manager...
         Starting Nameserver information manager...
[    6.792529] systemd[1]: Listening on Syslog Socket.
[[0;32m  OK  [0m] Listening on Syslog Socket.
[    6.806336] systemd[1]: Mounting POSIX Message Queue File System...
         Mounting POSIX Message Queue File System...
[    6.819596] systemd[1]: Reached target Slices.
[[0;32m  OK  [0m] Reached target Slices.
[    6.835911] systemd[1]: Starting Load Kernel Modules...
         Starting Load Kernel Modules...
[    6.847304] systemd[1]: Reached target Swap.
[[0;32m  OK  [0m] Reached target Swap.
[    6.852730] systemd[1]: Reached target System Time Synchronized.
[[0;32m  OK  [0m] Reached target System Time Synchronized.
[    6.865635] systemd[1]: Reached target Encrypted Volumes.
[[0;32m  OK  [0m] Reached target Encrypted Volumes.
[    6.875782] systemd[1]: Created slice system-serial\x2dgetty.slice.
[[0;32m  OK  [0m] Created slice system-serial\x2dgetty.slice.
[    6.887063] Loading iSCSI transport class v2.0-870.
[    6.890887] systemd[1]: Starting Create list of required static device nodes for the current kernel...
         Starting Create list of required st... nodes for the current kernel...
[    6.915664] systemd[1]: Starting Monitoring of LVM2 mirrors, snapshots etc. using dmeventd or progress polling...
         Starting Monitoring of LVM2 mirrors... dmeventd or progress polling...
[    6.937255] systemd[1]: Listening on Journal Socket (/dev/log).
[[0;32m  OK  [0m] Listening on Journal Socket (/dev/log).
[    6.950380] systemd[1]: Starting Journal Service...
[    6.954452] iscsi: registered transport (tcp)
         Starting Journal Service...
[    6.962121] systemd[1]: Listening on udev Control Socket.
[[0;32m  OK  [0m] Listening on udev Control Socket.
[    6.989175] systemd[1]: Mounted Huge Pages File System.
[[0;32m  OK  [0m] Mounted Huge Pages File System.
[    7.003583] systemd[1]: Mounted Debug File System.
[[0;32m  OK  [0m] Mounted Debug File System.
[    7.012845] systemd[1]: Mounted POSIX Message Queue File System.
[[0;32m  OK  [0m] Mounted POSIX Message Queue File System.
[    7.025776] systemd[1]: Started Uncomplicated firewall.
[[0;32m  OK  [0m] Started Uncomplicated firewall.
[    7.038149] systemd[1]: Started Remount Root and Kernel File Systems.
[[0;32m  OK  [0m] Started Remount Root and Kernel File Systems.
[    7.054929] systemd[1]: Started Create list of required static device nodes for the current kernel.
[[0;32m  OK  [0m] Started Create list of required sta...ce nodes for the current kernel.
[    7.078261] systemd[1]: Started Nameserver information manager.
[[0;32m  OK  [0m] Started Nameserver information manager.
[    7.108497] random: nonblocking pool is initialized
[    7.246167] systemd[1]: Started Journal Service.
[[0;32m  OK  [0m] Started Journal Service.
[    7.263517] iscsi: registered transport (iser)
[[0;32m  OK  [0m] Started Load Kernel Modules.
         Starting Apply Kernel Variables...
         Mounting FUSE Control File System...
[[0;32m  OK  [0m] Started LVM2 metadata daemon.
         Starting Create Static Device Nodes in /dev...
         Starting Load/Save Random Seed...
         Starting Flush Journal to Persistent Storage...
         Starting udev Coldplug all Devices...
[[0;32m  OK  [0m] Mounted FUSE Control File System.
[[0;32m  OK  [0m] Started Apply Kernel Variables.
[[0;32m  OK  [0m] Started Load/Save Random Seed.
[[0;32m  OK  [0m] Started Create Static Device Nodes in /dev.
[[0;32m  OK  [0m] Started Set console keymap.
[[0;32m  OK  [0m] Started Flush Journal to Persistent Storage.
         Starting udev Kernel Device Manager...
[[0;32m  OK  [0m] Started udev Coldplug all Devices.
[[0;32m  OK  [0m] Started udev Kernel Device Manager.
[[0;32m  OK  [0m] Started Dispatch Password Requests to Console Directory Watch.
[[0;32m  OK  [0m] Started Monitoring of LVM2 mirrors,...ng dmeventd or progress polling.
[[0;32m  OK  [0m] Reached target Local File Systems (Pre).
[[0;32m  OK  [0m] Reached target Local File Systems.
         Starting Tell Plymouth To Write Out Runtime Data...
         Starting Set console font and keymap...
         Starting Commit a transient machine-id on disk...
         Starting Initial cloud-init job (pre-networking)...
         Starting LSB: AppArmor initialization...
         Starting Create Volatile Files and Directories...
[[0;32m  OK  [0m] Started Tell Plymouth To Write Out Runtime Data.
[[0;32m  OK  [0m] Started Commit a transient machine-id on disk.
[[0;32m  OK  [0m] Started Create Volatile Files and Directories.
         Starting Update UTMP about System Boot/Shutdown...
[[0;32m  OK  [0m] Started Update UTMP about System Boot/Shutdown.
[[0;32m  OK  [0m] Found device /dev/ttyS0.
[[0;32m  OK  [0m] Listening on Load/Save RF Kill Switch Status /dev/rfkill Watch.
[[0;32m  OK  [0m] Started Set console font and keymap.
[   12.590768] cloud-init[486]: Cloud-init v. 19.1-1-gbaa47854-0ubuntu1~16.04.1 running 'init-local' at Sun, 07 Jul 2019 15:59:57 +0000. Up 10.74 seconds.
[[0;32m  OK  [0m] Started Initial cloud-init job (pre-networking).
[[0;32m  OK  [0m] Reached target Network (Pre).
[[0;32m  OK  [0m] Created slice system-getty.slice.
[[0;32m  OK  [0m] Started LSB: AppArmor initialization.
         Starting Raise network interfaces...
[[0;32m  OK  [0m] Started Raise network interfaces.
[[0;32m  OK  [0m] Reached target Network.
         Starting Initial cloud-init job (metadata service crawler)...
[   17.614796] cloud-init[946]: Cloud-init v. 19.1-1-gbaa47854-0ubuntu1~16.04.1 running 'init' at Sun, 07 Jul 2019 16:00:03 +0000. Up 16.34 seconds.
[   17.617886] cloud-init[946]: ci-info: ++++++++++++++++++++++++++++++++++++++Net device info++++++++++++++++++++++++++++++++++++++
[   17.624769] cloud-init[946]: ci-info: +--------+-------+---------------------------+---------------+--------+-------------------+
[   17.632462] cloud-init[946]: ci-info: | Device |   Up  |          Address          |      Mask     | Scope  |     Hw-Address    |
[   17.637140] cloud-init[946]: ci-info: +--------+-------+---------------------------+---------------+--------+-------------------+
[   17.644776] cloud-init[946]: ci-info: | enp0s3 |  True |         10.0.2.15         | 255.255.255.0 | global | 02:0c:60:2c:ab:01 |
[   17.652593] cloud-init[946]: ci-info: | enp0s3 |  True | fe80::c:60ff:fe2c:ab01/64 |       .       |  link  | 02:0c:60:2c:ab:01 |
[   17.655355] cloud-init[946]: ci-info: | enp0s8 | False |             .             |       .       |   .    | 08:00:27:55:dc:f7 |
[   17.662524] cloud-init[946]: ci-info: |   lo   |  True |         127.0.0.1         |   255.0.0.0   |  host  |         .         |
[   17.668891] cloud-init[946]: ci-info: |   lo   |  True |          ::1/128          |       .       |  host  |         .         |
[   17.676586] cloud-init[946]: ci-info: +--------+-------+---------------------------+---------------+--------+-------------------+
[   17.680842] cloud-init[946]: ci-info: +++++++++++++++++++++++++++Route IPv4 info++++++++++++++++++++++++++++
[   17.688712] cloud-init[946]: ci-info: +-------+-------------+----------+---------------+-----------+-------+
[   17.691370] cloud-init[946]: ci-info: | Route | Destination | Gateway  |    Genmask    | Interface | Flags |
[   17.698318] cloud-init[946]: ci-info: +-------+-------------+----------+---------------+-----------+-------+
[   17.704872] cloud-init[946]: ci-info: |   0   |   0.0.0.0   | 10.0.2.2 |    0.0.0.0    |   enp0s3  |   UG  |
[   17.707595] cloud-init[946]: ci-info: |   1   |   10.0.2.0  | 0.0.0.0  | 255.255.255.0 |   enp0s3  |   U   |
[   17.714499] cloud-init[946]: ci-info: +-------+-------------+----------+---------------+-----------+-------+
[   17.721164] cloud-init[946]: ci-info: +++++++++++++++++++Route IPv6 info+++++++++++++++++++
[   17.724704] cloud-init[946]: ci-info: +-------+-------------+---------+-----------+-------+
[   17.732604] cloud-init[946]: ci-info: | Route | Destination | Gateway | Interface | Flags |
[   17.734924] cloud-init[946]: ci-info: +-------+-------------+---------+-----------+-------+
[   17.741685] cloud-init[946]: ci-info: |   0   |  fe80::/64  |    ::   |   enp0s3  |   U   |
[   17.748703] cloud-init[946]: ci-info: |   3   |   ff00::/8  |    ::   |   enp0s3  |   U   |
[   17.751249] cloud-init[946]: ci-info: +-------+-------------+---------+-----------+-------+
[   17.757672] cloud-init[946]: Generating public/private rsa key pair.
[   17.759924] cloud-init[946]: Your identification has been saved in /etc/ssh/ssh_host_rsa_key.
[   17.766687] cloud-init[946]: Your public key has been saved in /etc/ssh/ssh_host_rsa_key.pub.
[   17.772796] cloud-init[946]: The key fingerprint is:
[   17.775394] cloud-init[[0;32m  OK  [0m] Started Initial cloud-init job (metadata service crawler).
[[0;32m  OK  [0m] Reached target Network is Online.
[946]: SHA256:PCqB4i0JyIQRA+yr27nZ+ubs83QJxswsFp/mRj9bPZk root@ubuntu-xenial
         Starting iSCSI initiator daemon (iscsid)...
[[0;32m  OK  [0m] Reached target Cloud-config availability.
[   17.784562] cloud-init[946]: The key's randomart image is:
[[0;32m  OK  [0m[   17.799664] ] Reached target System Initialization.
         Starting LXD - unix socket.
[[0;32m  OK  [0m] Started Daily apt download activities.
[cloud-init[946]: +---[RSA 2048]----+
[   17.805910] cloud-init[946]: |B.               |
[   17.807116] cloud-init[946]: |.+               |[0;32m  OK  [0m] Listening on ACPID Listen Socket.
[[0;32m  OK  [0m] Listening on UUID daemon activation socket.
[   17.815541] cloud-init[946]: 
[[0;32m  OK  [0m] Listening on D-Bus System Message Bus Socket.
[[0;32m  OK  [0m] Started Daily Cleanup of Temporary Directories.
[[0;32m  OK  [0m] Started Daily apt upgrade and clean activities.|o.  .            |
[   17.821537] cloud-init[946]: |+. . B o         |
[   17.822898] cloud-init[946]: |+.o + % S        |

[[0;32m  OK  [0m] Reached target Timers.
         Starting Socket activation for snappy daemon.
[   17.828523] cloud-init[946]: |ooo. B + o . o   |
[   17.830404] cloud-init[946]: |.+ .. = = . E    |
[[0;32m  OK  [0m] Started ACPI Events Check.
[   17.834402] [[0;32m  OK  [0m] Reached target Paths.
cloud-init[946]: |...=o+ . +   .   |
[   17.840167] cloud-init[946]: |..*B*o. .        |
[[0;32m  OK  [0m] Listening on LXD - unix socket.
[   17.845564] cloud-init[946]: +----[SHA256]-----+
[   17.847011] cloud-init[946]: Generating public/private dsa key pair.[[0;32m  OK  [0m] Listening on Socket activation for snappy daemon.

[   17.853474] cloud-init[946]: Your identification has been saved in /etc/ssh/ssh_host_dsa_key.[[0;32m  OK  [0m] Started iSCSI initiator daemon (iscsid).
[   17.870464] cloud-init[946]: Your public key has been saved in /etc/ssh/ssh_host_dsa_key.pub.

[   17.876318] cloud-init[946]: The key fingerprint is:
[   17.880628] cloud-init[946]: SHA256:HZnxeXjA7ow54YPQCZfxcYOgjbq4HwgME1AXj1EEo1k root@ubuntu-xenial
[   17.885068] cloud-init[946]: The key's randomart image is:
[   17.888427] cloud-init[946]: +---[DSA 1024]----+
[   17.892804] cloud-init[946]: |+.. E=o o+oo+    |
[   17.896229] cloud-init[946]: | . = =.+o..B.=   |
[   17.900164] cloud-init[946]: |o o . ++..=.+ o  |
[   17.903628] cloud-init[946]: |o.   .. o....o   |
[   17.908456] cloud-init[946]: |..  .  .So.*     |
[   17.910011] cloud-init[946]: | . o .  . * o    |
         Starting Login to default iSCSI targets...
[   17.915829] cloud-init[946]: |  o o      o     |
[   17.917923] cloud-init[946]: |   . .           |
[   17.919448] [[0;32m  OK  [0m] Reached target Sockets.
[[0;32m  OK  [0m] Reached target Basic System.
cloud-init[946]: |  ...            |
[   17.930997] cloud-init[946]: +----[SHA256]-----+         Starting Accounts Service...
         Starting Virtualbox guest utils...

[   17.936633] cloud-init[946]: Generating public/private ecdsa key pair.
[   17.938593] cloud-init[946]: Your identification has been saved in /etc/ssh/ssh_host_ecdsa_key.[[0;32m  OK  [0m] Started ACPI event daemon.
[[0;32m  OK  [0m] Started Deferred execution scheduler.
[[0;32m  OK  [0m] Started FUSE filesystem for LXC.

         Starting System Logging Service...
         Starting Login Service...
         Starting Pollinate to seed the pseudo random number generator...
[[0;32m  OK  [0m] Started Regular background program processing daemon.
[   18.021919] cloud-init[946]: Your public key has been saved in /etc/ssh/ssh_host_ecdsa_key.pub.
         Starting Snappy daemon...
[[0;32m  OK  [0m] Started D-Bus System Message Bus.
[   18.080570] cloud-init[946]: The key fingerprint is:
[   18.086690] cloud-init[946]: SHA256:ybHga1u/cuBEH6FYtjzoOjQOwfQCotSV3xT0VlvddEU root@ubuntu-xenial
[   18.115268] cloud-init[946]: The key's randomart image is:
[   18.128447] cloud-init[946]: +---[ECDSA 256]---+
[   18.135123] cloud-init[946]: |  . ... .o.  . +E|
[   18.150673] cloud-init[946]: |o... .  o.o . o +|
[   18.164585] cloud-init[946]: |++ .  o*+o + .   |
         Starting /etc/rc.local Compatibility...
         Starting LXD - container startup/shutdown...
         Starting LSB: MD monitoring daemon...
[   18.199209]          Starting LSB: Record successful boot for GRUB...
[[0;32m  OK  [0m] Started System Logging Service.
[[0;32m  OK  [0m] Started /etc/rc.local Compatibility.
cloud-init[946]: |. + ..o+*=o      |
[   18.273063] cloud-init[946]: |   o ...So .     |
[   18.327252] cloud-init[946]: |  . o ..o .      |
[[0;32m  OK  [0m] Started Login to default iSCSI targets.
[   18.360347] cloud-init[946]: |   + ooo..       |
[   18.377478] cloud-init[946]: |    +. oo..      |
[   18.404834] cloud-init[946]: |     ..  oo.     |
[   18.424887] cloud-init[946]: +----[SHA256]-----+
[   18.452640] cloud-init[946]: Generating public/private ed25519 key pair.
[   18.482870] cloud-init[946]: Your identification has been saved in /etc/ssh/ssh_host_ed25519_key.
[   18.517182] cloud-init[946]: Your public key has been saved in /etc/ssh/ssh_host_ed25519_key.pub.
[   18.565722] cloud-init[946]: The key fingerprint is:
[   18.601679] cloud-init[946]: SHA256:mtOqKp7iiBoPaCiipf8LeI32Th0vuFjzqGcBQb9oNUE root@ubuntu-xenial
[   18.646263] cloud-init[946]: The key's randomart image is:
[   18.694595] cloud-init[946]: +--[ED25519 256]--+[[0;32m  OK  [0m] Started Login Service.
[[0;32m  OK  [0m] Started Unattended Upgrades Shutdown.
         Starting Authenticate and Authorize Users to Run Privileged Tasks...
[[0;32m  OK  [0m] Reached target Remote File Systems (Pre).
[[0;32m  OK  [0m] Reached target Remote File Systems.
         Starting LSB: daemon to balance interrupts for SMP systems...
         Starting Permit User Sessions...
         Starting LSB: automatic crash report generation...
         Starting LSB: Set the CPU Frequency Scaling governor to "ondemand"...
[[0;32m  OK  [0m] Started Permit User Sessions.

[   18.832899] cloud-init[946]: | ...E            |
[[0;32m  OK  [0m] Started LXD - container startup/shutdown.
[   18.924299] cloud-init[946]: |  .. .           |
         Starting Hold until boot process finishes up...
         Starting Terminate Plymouth Boot Screen...
[[0;32m  OK  [0m] Started LSB: MD monitoring daemon.
[[0;32m  OK  [0m] Started LSB: Record successful boot for GRUB.
[[0;32m  OK  [0m] Started Hold until boot process finishes up.[   19.022258] cloud-init[946]: |   .+            |

[[0;32m  OK  [0m] Started Terminate Plymouth Boot Screen.
[   19.033799] cloud-init[946]: |  .o o           |
[[0;32m  OK  [0m] Started Authenticate and Authorize Users to Run Privileged Tasks.
[   19.116669] cloud-init[946]: |  o.. . S        |
[[0;32m  OK  [0m] Started Serial Getty on ttyS0.
         Starting Set console scheme...
[[0;32m  OK  [0m] Started Getty on tty1.
[[0;32m  OK  [0m] Reached target Login Prompts.
[[0;32m  OK  [0m] Started Set console scheme.
[   19.160487] cloud-init[946]: |oo o.o *         |
[[0;32m  OK  [0m] Started Accounts Service.
[[0;32m  OK  [0m] Started LSB: Set the CPU Frequency Scaling governor to "ondemand".
[   19.202499] cloud-init[946]: |O.* *.* o        |
[   19.216525] cloud-init[946]: |XO.*o= +         |
[   19.247909] cloud-init[946]: |@**BOoo          |
[[0;32m  OK  [0m] Started LSB: automatic crash report generation.
[   19.270072] cloud-init[946]: +----[SHA256]-----+
[[0;32m  OK  [0m] Started LSB: daemon to balance interrupts for SMP systems.
[[0;32m  OK  [0m] Started Snappy daemon.
         Starting Wait until snapd is fully seeded...
[[0;32m  OK  [0m] Started Virtualbox guest utils.
[[0;32m  OK  [0m] Started Pollinate to seed the pseudo random number generator.
         Starting OpenBSD Secure Shell server...
[[0;32m  OK  [0m] Started OpenBSD Secure Shell server.
[[0;32m  OK  [0m] Created slice User Slice of vagrant.
         Starting User Manager for UID 1000...
[[0;32m  OK  [0m] Started Session 1 of user vagrant.
[[0;32m  OK  [0m] Started User Manager for UID 1000.
[[0;32m  OK  [0m] Started Wait until snapd is fully seeded.
         Starting Apply the settings specified in cloud-config...
[[0;32m  OK  [0m] Reached target Multi-User System.
[[0;32m  OK  [0m] Reached target Graphical Interface.
         Starting Update UTMP about System Runlevel Changes...
[[0;32m  OK  [0m] Started Update UTMP about System Runlevel Changes.
[   23.928193] cloud-init[1357]: Generating locales (this might take a while)...

Ubuntu 16.04.6 LTS ubuntu-xenial ttyS0

ubuntu-xenial login: [   28.298988] cloud-init[1357]:   en_US.UTF-8... done
[   28.302942] cloud-init[1357]: Generation complete.
[   29.452852] cloud-init[1357]: Cloud-init v. 19.1-1-gbaa47854-0ubuntu1~16.04.1 running 'modules:config' at Sun, 07 Jul 2019 16:00:10 +0000. Up 23.39 seconds.
ci-info: no authorized ssh keys fingerprints found for user ubuntu.
<14>Jul  7 16:00:18 ec2: 
<14>Jul  7 16:00:18 ec2: #############################################################
<14>Jul  7 16:00:18 ec2: -----BEGIN SSH HOST KEY FINGERPRINTS-----
<14>Jul  7 16:00:18 ec2: 1024 SHA256:HZnxeXjA7ow54YPQCZfxcYOgjbq4HwgME1AXj1EEo1k root@ubuntu-xenial (DSA)
<14>Jul  7 16:00:18 ec2: 256 SHA256:ybHga1u/cuBEH6FYtjzoOjQOwfQCotSV3xT0VlvddEU root@ubuntu-xenial (ECDSA)
<14>Jul  7 16:00:18 ec2: 256 SHA256:mtOqKp7iiBoPaCiipf8LeI32Th0vuFjzqGcBQb9oNUE root@ubuntu-xenial (ED25519)
<14>Jul  7 16:00:18 ec2: 2048 SHA256:PCqB4i0JyIQRA+yr27nZ+ubs83QJxswsFp/mRj9bPZk root@ubuntu-xenial (RSA)
<14>Jul  7 16:00:18 ec2: -----END SSH HOST KEY FINGERPRINTS-----
<14>Jul  7 16:00:18 ec2: #############################################################
-----BEGIN SSH HOST KEY KEYS-----
ecdsa-sha2-nistp256 AAAAE2VjZHNhLXNoYTItbmlzdHAyNTYAAAAIbmlzdHAyNTYAAABBBPsYcfVxX2yuzoF8b0CmBxZu4mDax/J6lQB9pUtn1QIrR17/Yig1sWaabzH9jS08h2aVBgzKDlt4osURxHuc7xA= root@ubuntu-xenial
ssh-ed25519 AAAAC3NzaC1lZDI1NTE5AAAAIITL6lQQWHyBQGBvoRQavFrP28j9eGZ6790kHuVTQdOS root@ubuntu-xenial
ssh-rsa AAAAB3NzaC1yc2EAAAADAQABAAABAQCbPNkBz0JhXUhqg2DC2MPXzcwwXYFBF0XHti49wxluWac8OhReFANJiDKKvKgxpy1FiiZJNduTr4StS3SfFrUaLF0EsXgaroxF8KFci3PNyo1giuCleDG22ISHqJB+9d5v4Jyg7gIJodo4xk8SpmMYhkBIObpLFoKrGvzRcW87ru05xs9k3Rf/pfCIbcs8Diw4V5KgRNneHZlX6suEjhkcDvLE1oxvCKH5bgMiEUQy6TjgMCEdEudOC+BDd+FPgheVJxx0A97kumEGPHneArJxDOEqljTP0z5ihsFDN9Ff+0VPna5J9rAPGEqQpRFQnpSZLP/If/J8bpA8gijqZ4qv root@ubuntu-xenial
-----END SSH HOST KEY KEYS-----
[   31.289836] cloud-init[1593]: Cloud-init v. 19.1-1-gbaa47854-0ubuntu1~16.04.1 running 'modules:final' at Sun, 07 Jul 2019 16:00:18 +0000. Up 30.94 seconds.
[   31.292729] cloud-init[1593]: ci-info: no authorized ssh keys fingerprints found for user ubuntu.
[   31.296876] cloud-init[1593]: Cloud-init v. 19.1-1-gbaa47854-0ubuntu1~16.04.1 finished at Sun, 07 Jul 2019 16:00:18 +0000. Datasource DataSourceNoCloud [seed=/dev/sdb][dsmode=net].  Up 31.27 seconds
